#
# There is insufficient memory for the Java Runtime Environment to continue.
# Native memory allocation (mmap) failed to map 134217728 bytes for Failed to commit area from 0x0000000081c00000 to 0x0000000089c00000 of length 134217728.
# Possible reasons:
#   The system is out of physical RAM or swap space
#   The process is running with CompressedOops enabled, and the Java Heap may be blocking the growth of the native heap
# Possible solutions:
#   Reduce memory load on the system
#   Increase physical memory or swap space
#   Check if swap backing store is full
#   Decrease Java heap size (-Xmx/-Xms)
#   Decrease number of Java threads
#   Decrease Java thread stack sizes (-Xss)
#   Set larger code cache with -XX:ReservedCodeCacheSize=
# This output file may be truncated or incomplete.
#
#  Out of Memory Error (t:/workspace/open/src/hotspot/os/windows/os_windows.cpp:3301), pid=11048, tid=5516
#
# JRE version:  (13.0.2+8) (build )
# Java VM: Java HotSpot(TM) 64-Bit Server VM (13.0.2+8, mixed mode, aot, sharing, tiered, compressed oops, g1 gc, windows-amd64)
# No core dump will be written. Minidumps are not enabled by default on client versions of Windows
#

---------------  S U M M A R Y ------------

Command Line: -Dfile.encoding=UTF-8 Ejercicio4_7_8_13.MainClient

Host: Intel(R) Core(TM) i5-7400 CPU @ 3.00GHz, 4 cores, 7G,  Windows 10 , 64 bit Build 18362 (10.0.18362.1110)
Time: Mon Dec 14 18:22:07 2020 Hora estándar romance elapsed time: 0 seconds (0d 0h 0m 0s)

---------------  T H R E A D  ---------------

Current thread (0x0000023e52e1d000):  JavaThread "Unknown thread" [_thread_in_vm, id=5516, stack(0x000000acfe400000,0x000000acfe500000)]

Stack: [0x000000acfe400000,0x000000acfe500000]
Native frames: (J=compiled Java code, j=interpreted, Vv=VM code, C=native code)
V  [jvm.dll+0x624f9a]
V  [jvm.dll+0x770cfa]
V  [jvm.dll+0x7724af]
V  [jvm.dll+0x772ab3]
V  [jvm.dll+0x24bf08]
V  [jvm.dll+0x6222aa]
V  [jvm.dll+0x6170b5]
V  [jvm.dll+0x30a88c]
V  [jvm.dll+0x30a6c2]
V  [jvm.dll+0x30fe36]
V  [jvm.dll+0x353f46]
V  [jvm.dll+0x353720]
V  [jvm.dll+0x2e550a]
V  [jvm.dll+0x2e67a2]
V  [jvm.dll+0x74dd78]
V  [jvm.dll+0x361989]
V  [jvm.dll+0x730e65]
V  [jvm.dll+0x3cc53f]
V  [jvm.dll+0x3ce861]
C  [jli.dll+0x51ff]
C  [ucrtbase.dll+0x210b2]
C  [KERNEL32.DLL+0x17c24]
C  [ntdll.dll+0x6d4d1]


---------------  P R O C E S S  ---------------

Threads class SMR info:
_java_thread_list=0x00007ffabb85ccb8, length=0, elements={
}

Java Threads: ( => current thread )

Other Threads:
  0x0000023e52e62000 GCTaskThread "GC Thread#0" [stack: 0x000000acfe500000,0x000000acfe600000] [id=3708]
  0x0000023e52eb2800 ConcurrentGCThread "G1 Main Marker" [stack: 0x000000acfe600000,0x000000acfe700000] [id=1896]
  0x0000023e52eb5000 ConcurrentGCThread "G1 Conc#0" [stack: 0x000000acfe700000,0x000000acfe800000] [id=4656]

[error occurred during error reporting (printing all threads), id 0xc0000005, EXCEPTION_ACCESS_VIOLATION (0xc0000005) at pc=0x00007ffabb0951d7]

VM state:not at safepoint (not fully initialized)

VM Mutex/Monitor currently owned by a thread:  ([mutex/lock_event])
[0x0000023e52e18eb0] Heap_lock - owner thread: 0x0000023e52e1d000

Heap address: 0x0000000081c00000, size: 2020 MB, Compressed Oops mode: Non-zero based: 0x0000000081c00000
Narrow klass base: 0x0000000000000000, Narrow klass shift: 0

GC Heap History (0 events):
No events

Deoptimization events (0 events):
No events

Classes unloaded (0 events):
No events

Classes redefined (0 events):
No events

Internal exceptions (0 events):
No events

Events (8 events):
Event: 0.007 Loaded shared library C:\Program Files\Java\jdk-13.0.2\bin\zip.dll
Event: 0.008 Loaded shared library C:\Program Files\Java\jdk-13.0.2\bin\jimage.dll
Event: 0.009 Loading shared library C:\Program Files\Java\jdk-13.0.2\lib\libjava.base-coop.dll failed, error code 126
Event: 0.009 Loading shared library C:\Program Files\Java\jdk-13.0.2\lib\libjava.logging-coop.dll failed, error code 126
Event: 0.009 Loading shared library C:\Program Files\Java\jdk-13.0.2\lib\libjdk.compiler-coop.dll failed, error code 126
Event: 0.009 Loading shared library C:\Program Files\Java\jdk-13.0.2\lib\libjdk.scripting.nashorn-coop.dll failed, error code 126
Event: 0.009 Loading shared library C:\Program Files\Java\jdk-13.0.2\lib\libjdk.internal.vm.ci-coop.dll failed, error code 126
Event: 0.009 Loading shared library C:\Program Files\Java\jdk-13.0.2\lib\libjdk.internal.vm.compiler-coop.dll failed, error code 126


Dynamic libraries:
0x00007ff6c8310000 - 0x00007ff6c831f000 	C:\Program Files\Java\jdk-13.0.2\bin\javaw.exe
0x00007ffaf3100000 - 0x00007ffaf32f0000 	C:\windows\SYSTEM32\ntdll.dll
0x00007ffaf1b30000 - 0x00007ffaf1be2000 	C:\windows\System32\KERNEL32.DLL
0x00007ffaf0360000 - 0x00007ffaf0605000 	C:\windows\System32\KERNELBASE.dll
0x00007ffaf0ef0000 - 0x00007ffaf0fea000 	C:\windows\System32\ucrtbase.dll
0x00007ffac4e00000 - 0x00007ffac4e15000 	C:\Program Files\Java\jdk-13.0.2\bin\VCRUNTIME140.dll
0x00007ffac4e20000 - 0x00007ffac4e38000 	C:\Program Files\Java\jdk-13.0.2\bin\jli.dll
0x00007ffaf2170000 - 0x00007ffaf2213000 	C:\windows\System32\ADVAPI32.dll
0x00007ffaf28d0000 - 0x00007ffaf296e000 	C:\windows\System32\msvcrt.dll
0x00007ffaf27d0000 - 0x00007ffaf2867000 	C:\windows\System32\sechost.dll
0x00007ffaf22c0000 - 0x00007ffaf23e0000 	C:\windows\System32\RPCRT4.dll
0x00007ffaf1cf0000 - 0x00007ffaf1e84000 	C:\windows\System32\USER32.dll
0x00007ffae2780000 - 0x00007ffae2a04000 	C:\windows\WinSxS\amd64_microsoft.windows.common-controls_6595b64144ccf1df_6.0.18362.1198_none_9e820b57e45ad92f\COMCTL32.dll
0x00007ffaf2490000 - 0x00007ffaf27c5000 	C:\windows\System32\combase.dll
0x00007ffaf01d0000 - 0x00007ffaf01f1000 	C:\windows\System32\win32u.dll
0x00007ffaf0610000 - 0x00007ffaf0690000 	C:\windows\System32\bcryptPrimitives.dll
0x0000023e50bb0000 - 0x0000023e50bd6000 	C:\windows\System32\GDI32.dll
0x00007ffaf1010000 - 0x00007ffaf11a6000 	C:\windows\System32\gdi32full.dll
0x00007ffaf0690000 - 0x00007ffaf072e000 	C:\windows\System32\msvcp_win.dll
0x00007ffae80a0000 - 0x00007ffae80aa000 	C:\windows\SYSTEM32\VERSION.dll
0x00007ffaf20d0000 - 0x00007ffaf20fe000 	C:\windows\System32\IMM32.DLL
0x00007ffabbb90000 - 0x00007ffabbc2b000 	C:\Program Files\Java\jdk-13.0.2\bin\msvcp140.dll
0x00007ffabada0000 - 0x00007ffabb8fd000 	C:\Program Files\Java\jdk-13.0.2\bin\server\jvm.dll
0x00007ffaf22b0000 - 0x00007ffaf22b8000 	C:\windows\System32\PSAPI.DLL
0x00007ffaedf00000 - 0x00007ffaedf24000 	C:\windows\SYSTEM32\WINMM.dll
0x00007ffaedb60000 - 0x00007ffaedb8d000 	C:\windows\SYSTEM32\WINMMBASE.dll
0x00007ffade3b0000 - 0x00007ffade3b9000 	C:\windows\SYSTEM32\WSOCK32.dll
0x00007ffaf0200000 - 0x00007ffaf024a000 	C:\windows\System32\cfgmgr32.dll
0x00007ffaf2220000 - 0x00007ffaf228f000 	C:\windows\System32\WS2_32.dll
0x00007ffaeffc0000 - 0x00007ffaeffd1000 	C:\windows\System32\kernel.appcore.dll
0x00007ffac9d40000 - 0x00007ffac9d50000 	C:\Program Files\Java\jdk-13.0.2\bin\verify.dll
0x00007ffadbdc0000 - 0x00007ffadbfb4000 	C:\windows\SYSTEM32\DBGHELP.DLL
0x00007ffadea50000 - 0x00007ffadea7a000 	C:\windows\SYSTEM32\dbgcore.DLL
0x00007ffac8a80000 - 0x00007ffac8aa6000 	C:\Program Files\Java\jdk-13.0.2\bin\java.dll
0x00007ffac8a60000 - 0x00007ffac8a77000 	C:\Program Files\Java\jdk-13.0.2\bin\zip.dll
0x00007ffac9330000 - 0x00007ffac933a000 	C:\Program Files\Java\jdk-13.0.2\bin\jimage.dll

dbghelp: loaded successfully - version: 4.0.5 - missing functions: none
symbol engine: initialized successfully - sym options: 0x614 - pdb path: .;C:\Program Files\Java\jdk-13.0.2\bin;C:\windows\SYSTEM32;C:\windows\WinSxS\amd64_microsoft.windows.common-controls_6595b64144ccf1df_6.0.18362.1198_none_9e820b57e45ad92f;C:\Program Files\Java\jdk-13.0.2\bin\server

VM Arguments:
jvm_args: -Dfile.encoding=UTF-8 
java_command: Ejercicio4_7_8_13.MainClient
java_class_path (initial): C:\Users\manur\Google Drive\2ºDam\Trabajos\1.-Programación de servicios y procesos\TrabajosMarcos\Practica1MarcosPSP\target\classes
Launcher Type: SUN_STANDARD

[Global flags]
     intx CICompilerCount                          = 3                                         {product} {ergonomic}
     uint ConcGCThreads                            = 1                                         {product} {ergonomic}
     uint G1ConcRefinementThreads                  = 4                                         {product} {ergonomic}
   size_t G1HeapRegionSize                         = 1048576                                   {product} {ergonomic}
    uintx GCDrainStackTargetSize                   = 64                                        {product} {ergonomic}
   size_t InitialHeapSize                          = 134217728                                 {product} {ergonomic}
   size_t MarkStackSize                            = 4194304                                   {product} {ergonomic}
   size_t MaxHeapSize                              = 2118123520                                {product} {ergonomic}
   size_t MinHeapDeltaBytes                        = 1048576                                   {product} {ergonomic}
   size_t MinHeapSize                              = 8388608                                   {product} {ergonomic}
    uintx NonNMethodCodeHeapSize                   = 5832780                                {pd product} {ergonomic}
    uintx NonProfiledCodeHeapSize                  = 122912730                              {pd product} {ergonomic}
    uintx ProfiledCodeHeapSize                     = 122912730                              {pd product} {ergonomic}
    uintx ReservedCodeCacheSize                    = 251658240                              {pd product} {ergonomic}
     bool SegmentedCodeCache                       = true                                      {product} {ergonomic}
   size_t SoftMaxHeapSize                          = 2118123520                             {manageable} {ergonomic}
     bool UseCompressedClassPointers               = true                                 {lp64_product} {ergonomic}
     bool UseCompressedOops                        = true                                 {lp64_product} {ergonomic}
     bool UseG1GC                                  = true                                      {product} {ergonomic}
     bool UseLargePagesIndividualAllocation        = false                                  {pd product} {ergonomic}

Logging:
Log output configuration:
 #0: stdout all=warning uptime,level,tags
 #1: stderr all=off uptime,level,tags

Environment Variables:
JAVA_HOME=C:\Program Files\Java\jdk-13.0.2
PATH=C:/Program Files/Java/jdk-13.0.2/bin/server;C:/Program Files/Java/jdk-13.0.2/bin;C:\Program Files (x86)\Common Files\Oracle\Java\javapath;C:\ProgramData\Oracle\Java\javapath;C:\oraclexe\app\oracle\product\11.2.0\server\bin;C:\windows\system32;C:\windows;C:\windows\System32\Wbem;C:\windows\System32\WindowsPowerShell\v1.0\;C:\windows\System32\OpenSSH\;C:\Program Files (x86)\NVIDIA Corporation\PhysX\Common;C:\Program Files\NVIDIA Corporation\NVIDIA NvDLISR;C:\Program Files\Git\cmd;C:\Program Files\dotnet\;C:\Program Files\Java\jdk-13.0.2\bin;C:\Users\manur\AppData\Local\Microsoft\WindowsApps;;C:\Users\manur\AppData\Local\Programs\Microsoft VS Code\bin;C:\Users\manur\.dotnet\tools;C:\windows\system32;
USERNAME=manur
OS=Windows_NT
PROCESSOR_IDENTIFIER=Intel64 Family 6 Model 158 Stepping 9, GenuineIntel



---------------  S Y S T E M  ---------------

OS: Windows 10 , 64 bit Build 18362 (10.0.18362.1110)

CPU:total 4 (initial active 4) (4 cores per cpu, 1 threads per core) family 6 model 158 stepping 9, cmov, cx8, fxsr, mmx, sse, sse2, sse3, ssse3, sse4.1, sse4.2, popcnt, avx, avx2, aes, clmul, erms, 3dnowpref, lzcnt, tsc, tscinvbit, bmi1, bmi2, adx, fma

Memory: 4k page, system-wide physical 8078M (1263M free)
TotalPageFile size 8078M (AvailPageFile size 66M)
current process WorkingSet (physical memory assigned to process): 10M, peak: 10M
current process commit charge ("private bytes"): 52M, peak: 180M

vm_info: Java HotSpot(TM) 64-Bit Server VM (13.0.2+8) for windows-amd64 JRE (13.0.2+8), built on Dec 11 2019 09:20:33 by "mach5one" with unknown MS VC++:1916

END.
